{"name": "test_m2", "status": "failed", "statusDetails": {"message": "AssertionError: assert True == False", "trace": ">   ???\nE   assert True == False\n\nE:\\Step by Step Rest API Testing using Python + Pytest +Allure\\Pytest Tutorial\\test_groupTestCase.py:9: AssertionError"}, "start": 1709883315652, "stop": 1709883315652, "uuid": "511b043c-1f59-48bd-be1e-aac7b89cfdd5", "historyId": "3e583be3cf890e77367f4860df0f29bc", "testCaseId": "3e583be3cf890e77367f4860df0f29bc", "fullName": "TestCase.Pytest Tutorial.test_groupTestCase#test_m2", "labels": [{"name": "parentSuite", "value": "TestCase.Pytest Tutorial"}, {"name": "suite", "value": "test_groupTestCase"}, {"name": "host", "value": "AGLPUN-D0158"}, {"name": "thread", "value": "4924-MainThread"}, {"name": "framework", "value": "pytest"}, {"name": "language", "value": "cpython3"}, {"name": "package", "value": "TestCase.Pytest Tutorial.test_groupTestCase"}]}