{"name": "test_m2", "status": "failed", "statusDetails": {"message": "AssertionError: assert True == False", "trace": ">   ???\nE   assert True == False\n\nE:\\Step by Step Rest API Testing using Python + Pytest +Allure\\Pytest Tutorial\\test_skipTestCase.py:9: AssertionError"}, "start": 1709883315742, "stop": 1709883315742, "uuid": "4bdc453d-7dc7-4591-be70-73707d47a81b", "historyId": "a0800ac8d1682b7db42a38a963ea91b3", "testCaseId": "a0800ac8d1682b7db42a38a963ea91b3", "fullName": "TestCase.Pytest Tutorial.test_skipTestCase#test_m2", "labels": [{"name": "parentSuite", "value": "TestCase.Pytest Tutorial"}, {"name": "suite", "value": "test_skipTestCase"}, {"name": "host", "value": "AGLPUN-D0158"}, {"name": "thread", "value": "4924-MainThread"}, {"name": "framework", "value": "pytest"}, {"name": "language", "value": "cpython3"}, {"name": "package", "value": "TestCase.Pytest Tutorial.test_skipTestCase"}]}